<?xml version="1.0" encoding="UTF-8"?>
<robot generator="Robot 3.2.2 (Python 3.8.5 on win32)" generated="20210404 15:27:33.931" rpa="false">
<suite id="s1" name="Produtos" source="C:\Users\CJ\MobileTests\Automação Mobile\MyMobileTests\DogHero\tests\Produtos.robot">
<test id="s1-t1" name="Deve navegar em produtos">
<kw name="Open Session" library="base" type="setup">
<kw name="Set Appium Timeout" library="AppiumLibrary">
<doc>Sets the timeout in seconds used by various keywords.</doc>
<arguments>
<arg>10</arg>
</arguments>
<status status="PASS" starttime="20210404 15:27:34.129" endtime="20210404 15:27:34.129"></status>
</kw>
<kw name="Open Application" library="AppiumLibrary">
<doc>Opens a new application to given Appium server.
Capabilities of appium server, Android and iOS,
Please check https://github.com/appium/appium/blob/master/docs/en/writing-running-appium/server-args.md
| *Option*            | *Man.* | *Description*     |
| remote_url          | Yes    | Appium server url |
| alias               | no     | alias             |</doc>
<arguments>
<arg>http://localhost:4723/wd/hub</arg>
<arg>automationName=UiAutomator2</arg>
<arg>platformName=Android</arg>
<arg>deviceName=Emulator</arg>
<arg>app=${EXECDIR}/app/doghero.apk</arg>
</arguments>
<status status="PASS" starttime="20210404 15:27:34.129" endtime="20210404 15:27:49.307"></status>
</kw>
<status status="PASS" starttime="20210404 15:27:34.129" endtime="20210404 15:27:49.307"></status>
</kw>
<kw name="Fazer login" library="helpers">
<kw name="Wait Until Page Contains" library="AppiumLibrary">
<doc>Waits until `text` appears on current page.</doc>
<arguments>
<arg>Português (Brasil)</arg>
</arguments>
<status status="PASS" starttime="20210404 15:27:49.309" endtime="20210404 15:27:54.574"></status>
</kw>
<kw name="Click Text" library="AppiumLibrary">
<doc>Click text identified by ``text``.</doc>
<arguments>
<arg>Português (Brasil)</arg>
</arguments>
<status status="PASS" starttime="20210404 15:27:54.574" endtime="20210404 15:27:55.073"></status>
</kw>
<kw name="Click Element" library="AppiumLibrary">
<doc>Click element identified by `locator`.</doc>
<arguments>
<arg>id=br.com.doghero.astro:id/language_selector_btn_update</arg>
</arguments>
<msg timestamp="20210404 15:27:55.074" level="INFO">Clicking element 'id=br.com.doghero.astro:id/language_selector_btn_update'.</msg>
<status status="PASS" starttime="20210404 15:27:55.073" endtime="20210404 15:27:57.033"></status>
</kw>
<kw name="Wait Until Element Is Visible" library="AppiumLibrary">
<doc>Waits until element specified with `locator` is visible.</doc>
<arguments>
<arg>id=br.com.doghero.astro.onboarding:id/btn_signin</arg>
</arguments>
<status status="PASS" starttime="20210404 15:27:57.034" endtime="20210404 15:27:58.950"></status>
</kw>
<kw name="Click Element" library="AppiumLibrary">
<doc>Click element identified by `locator`.</doc>
<arguments>
<arg>id=br.com.doghero.astro.onboarding:id/btn_signin</arg>
</arguments>
<msg timestamp="20210404 15:27:58.951" level="INFO">Clicking element 'id=br.com.doghero.astro.onboarding:id/btn_signin'.</msg>
<status status="PASS" starttime="20210404 15:27:58.950" endtime="20210404 15:27:59.028"></status>
</kw>
<kw name="Wait Until Element Is Visible" library="AppiumLibrary">
<doc>Waits until element specified with `locator` is visible.</doc>
<arguments>
<arg>id=br.com.doghero.astro:id/signin_email_textview</arg>
</arguments>
<status status="PASS" starttime="20210404 15:27:59.028" endtime="20210404 15:28:00.721"></status>
</kw>
<kw name="Input Text" library="AppiumLibrary">
<doc>Types the given `text` into text field identified by `locator`.</doc>
<arguments>
<arg>id=br.com.doghero.astro:id/signin_email_textview</arg>
<arg>jenell8028@uorak.com</arg>
</arguments>
<msg timestamp="20210404 15:28:00.722" level="INFO">Typing text 'jenell8028@uorak.com' into text field 'id=br.com.doghero.astro:id/signin_email_textview'</msg>
<status status="PASS" starttime="20210404 15:28:00.722" endtime="20210404 15:28:01.321"></status>
</kw>
<kw name="Element Should Contain Text" library="AppiumLibrary">
<doc>Verifies element identified by ``locator`` contains text ``expected``.</doc>
<arguments>
<arg>id=br.com.doghero.astro:id/signin_email_textview</arg>
<arg>jenell8028@uorak.com</arg>
</arguments>
<msg timestamp="20210404 15:28:01.322" level="INFO">Verifying element 'id=br.com.doghero.astro:id/signin_email_textview' contains text 'jenell8028@uorak.com'.</msg>
<status status="PASS" starttime="20210404 15:28:01.321" endtime="20210404 15:28:02.686"></status>
</kw>
<kw name="Wait Until Element Is Visible" library="AppiumLibrary">
<doc>Waits until element specified with `locator` is visible.</doc>
<arguments>
<arg>id=br.com.doghero.astro:id/signin_password_textview</arg>
</arguments>
<status status="PASS" starttime="20210404 15:28:02.686" endtime="20210404 15:28:02.722"></status>
</kw>
<kw name="Input Text" library="AppiumLibrary">
<doc>Types the given `text` into text field identified by `locator`.</doc>
<arguments>
<arg>id=br.com.doghero.astro:id/signin_password_textview</arg>
<arg>19374682</arg>
</arguments>
<msg timestamp="20210404 15:28:02.723" level="INFO">Typing text '19374682' into text field 'id=br.com.doghero.astro:id/signin_password_textview'</msg>
<status status="PASS" starttime="20210404 15:28:02.722" endtime="20210404 15:28:02.784"></status>
</kw>
<kw name="Element Should Contain Text" library="AppiumLibrary">
<doc>Verifies element identified by ``locator`` contains text ``expected``.</doc>
<arguments>
<arg>id=br.com.doghero.astro:id/signin_password_textview</arg>
<arg>••••••••</arg>
</arguments>
<msg timestamp="20210404 15:28:02.786" level="INFO">Verifying element 'id=br.com.doghero.astro:id/signin_password_textview' contains text '••••••••'.</msg>
<status status="PASS" starttime="20210404 15:28:02.785" endtime="20210404 15:28:03.311"></status>
</kw>
<kw name="Click Element" library="AppiumLibrary">
<doc>Click element identified by `locator`.</doc>
<arguments>
<arg>id=br.com.doghero.astro:id/sign_in_button</arg>
</arguments>
<msg timestamp="20210404 15:28:03.312" level="INFO">Clicking element 'id=br.com.doghero.astro:id/sign_in_button'.</msg>
<status status="PASS" starttime="20210404 15:28:03.311" endtime="20210404 15:28:03.364"></status>
</kw>
<kw name="Wait Until Element Is Visible" library="AppiumLibrary">
<doc>Waits until element specified with `locator` is visible.</doc>
<arguments>
<arg>id=br.com.doghero.astro:id/my_location</arg>
</arguments>
<status status="PASS" starttime="20210404 15:28:03.364" endtime="20210404 15:28:06.421"></status>
</kw>
<kw name="Click Element" library="AppiumLibrary">
<doc>Click element identified by `locator`.</doc>
<arguments>
<arg>id=br.com.doghero.astro:id/my_location</arg>
</arguments>
<msg timestamp="20210404 15:28:06.422" level="INFO">Clicking element 'id=br.com.doghero.astro:id/my_location'.</msg>
<status status="PASS" starttime="20210404 15:28:06.421" endtime="20210404 15:28:06.465"></status>
</kw>
<kw name="Wait Until Element Is Visible" library="AppiumLibrary">
<doc>Waits until element specified with `locator` is visible.</doc>
<arguments>
<arg>id=com.android.packageinstaller:id/permission_allow_button</arg>
</arguments>
<status status="PASS" starttime="20210404 15:28:06.465" endtime="20210404 15:28:07.426"></status>
</kw>
<kw name="Click Element" library="AppiumLibrary">
<doc>Click element identified by `locator`.</doc>
<arguments>
<arg>id=com.android.packageinstaller:id/permission_allow_button</arg>
</arguments>
<msg timestamp="20210404 15:28:07.427" level="INFO">Clicking element 'id=com.android.packageinstaller:id/permission_allow_button'.</msg>
<status status="PASS" starttime="20210404 15:28:07.426" endtime="20210404 15:28:07.461"></status>
</kw>
<status status="PASS" starttime="20210404 15:27:49.308" endtime="20210404 15:28:07.461"></status>
</kw>
<kw name="Wait Until Page Contains" library="AppiumLibrary">
<doc>Waits until `text` appears on current page.</doc>
<arguments>
<arg>1600 Amphitheatre Pkwy, Mountain View, CA 94043, EUA</arg>
</arguments>
<status status="PASS" starttime="20210404 15:28:07.462" endtime="20210404 15:28:11.080"></status>
</kw>
<kw name="Click Text" library="AppiumLibrary">
<doc>Click text identified by ``text``.</doc>
<arguments>
<arg>1600 Amphitheatre Pkwy, Mountain View, CA 94043, EUA</arg>
</arguments>
<status status="PASS" starttime="20210404 15:28:11.081" endtime="20210404 15:28:12.678"></status>
</kw>
<kw name="Wait Until Element Is Visible" library="AppiumLibrary">
<doc>Waits until element specified with `locator` is visible.</doc>
<arguments>
<arg>id=br.com.doghero.astro:id/search_src_text</arg>
</arguments>
<status status="PASS" starttime="20210404 15:28:12.679" endtime="20210404 15:28:13.518"></status>
</kw>
<kw name="Input Text" library="AppiumLibrary">
<doc>Types the given `text` into text field identified by `locator`.</doc>
<arguments>
<arg>id=br.com.doghero.astro:id/search_src_text</arg>
<arg>Rua Japão</arg>
</arguments>
<msg timestamp="20210404 15:28:13.520" level="INFO">Typing text 'Rua Japão' into text field 'id=br.com.doghero.astro:id/search_src_text'</msg>
<status status="PASS" starttime="20210404 15:28:13.519" endtime="20210404 15:28:14.179"></status>
</kw>
<kw name="Element Should Contain Text" library="AppiumLibrary">
<doc>Verifies element identified by ``locator`` contains text ``expected``.</doc>
<arguments>
<arg>id=br.com.doghero.astro:id/search_src_text</arg>
<arg>Rua Japão</arg>
</arguments>
<msg timestamp="20210404 15:28:14.182" level="INFO">Verifying element 'id=br.com.doghero.astro:id/search_src_text' contains text 'Rua Japão'.</msg>
<status status="PASS" starttime="20210404 15:28:14.180" endtime="20210404 15:28:14.797"></status>
</kw>
<kw name="Wait Until Element Is Visible" library="AppiumLibrary">
<doc>Waits until element specified with `locator` is visible.</doc>
<arguments>
<arg>xpath=/hierarchy/android.widget.FrameLayout/android.widget.LinearLayout/android.widget.FrameLayout/android.widget.LinearLayout/android.widget.FrameLayout/android.widget.RelativeLayout/android.widget.RelativeLayout/androidx.recyclerview.widget.RecyclerView/android.widget.RelativeLayout[1]</arg>
</arguments>
<status status="PASS" starttime="20210404 15:28:14.798" endtime="20210404 15:28:16.424"></status>
</kw>
<kw name="Click Element" library="AppiumLibrary">
<doc>Click element identified by `locator`.</doc>
<arguments>
<arg>xpath=/hierarchy/android.widget.FrameLayout/android.widget.LinearLayout/android.widget.FrameLayout/android.widget.LinearLayout/android.widget.FrameLayout/android.widget.RelativeLayout/android.widget.RelativeLayout/androidx.recyclerview.widget.RecyclerView/android.widget.RelativeLayout[1]</arg>
</arguments>
<msg timestamp="20210404 15:28:16.425" level="INFO">Clicking element 'xpath=/hierarchy/android.widget.FrameLayout/android.widget.LinearLayout/android.widget.FrameLayout/android.widget.LinearLayout/android.widget.FrameLayout/android.widget.RelativeLayout/android.widget.RelativeLayout/androidx.recyclerview.widget.RecyclerView/android.widget.RelativeLayout[1]'.</msg>
<status status="PASS" starttime="20210404 15:28:16.424" endtime="20210404 15:28:16.516"></status>
</kw>
<kw name="Wait Until Element Is Visible" library="AppiumLibrary">
<doc>Waits until element specified with `locator` is visible.</doc>
<arguments>
<arg>xpath=/hierarchy/android.widget.FrameLayout/android.widget.LinearLayout/android.widget.FrameLayout/android.widget.LinearLayout/android.widget.FrameLayout/android.widget.RelativeLayout/android.widget.RelativeLayout/android.widget.FrameLayout/android.widget.RelativeLayout/android.widget.FrameLayout/android.view.ViewGroup/androidx.recyclerview.widget.RecyclerView/android.widget.LinearLayout[1]/androidx.recyclerview.widget.RecyclerView/android.widget.RelativeLayout[4]/android.widget.LinearLayout</arg>
</arguments>
<status status="PASS" starttime="20210404 15:28:16.517" endtime="20210404 15:28:18.197"></status>
</kw>
<kw name="Click Element" library="AppiumLibrary">
<doc>Click element identified by `locator`.</doc>
<arguments>
<arg>xpath=/hierarchy/android.widget.FrameLayout/android.widget.LinearLayout/android.widget.FrameLayout/android.widget.LinearLayout/android.widget.FrameLayout/android.widget.RelativeLayout/android.widget.RelativeLayout/android.widget.FrameLayout/android.widget.RelativeLayout/android.widget.FrameLayout/android.view.ViewGroup/androidx.recyclerview.widget.RecyclerView/android.widget.LinearLayout[1]/androidx.recyclerview.widget.RecyclerView/android.widget.RelativeLayout[4]/android.widget.LinearLayout</arg>
</arguments>
<msg timestamp="20210404 15:28:18.198" level="INFO">Clicking element 'xpath=/hierarchy/android.widget.FrameLayout/android.widget.LinearLayout/android.widget.FrameLayout/android.widget.LinearLayout/android.widget.FrameLayout/android.widget.RelativeLayout/android.widget.RelativeLayout/android.widget.FrameLayout/android.widget.RelativeLayout/android.widget.FrameLayout/android.view.ViewGroup/androidx.recyclerview.widget.RecyclerView/android.widget.LinearLayout[1]/androidx.recyclerview.widget.RecyclerView/android.widget.RelativeLayout[4]/android.widget.LinearLayout'.</msg>
<status status="PASS" starttime="20210404 15:28:18.197" endtime="20210404 15:28:18.431"></status>
</kw>
<kw name="Wait Until Element Is Visible" library="AppiumLibrary">
<doc>Waits until element specified with `locator` is visible.</doc>
<arguments>
<arg>xpath=/hierarchy/android.widget.FrameLayout/android.widget.LinearLayout/android.widget.FrameLayout/android.widget.LinearLayout/android.widget.FrameLayout/android.widget.RelativeLayout/android.widget.FrameLayout/android.webkit.WebView/android.webkit.WebView/android.view.View[4]/android.view.View[5]/android.widget.ListView/android.view.View[3]/android.view.View</arg>
</arguments>
<status status="PASS" starttime="20210404 15:28:18.431" endtime="20210404 15:28:26.616"></status>
</kw>
<kw name="Click Element" library="AppiumLibrary">
<doc>Click element identified by `locator`.</doc>
<arguments>
<arg>xpath=/hierarchy/android.widget.FrameLayout/android.widget.LinearLayout/android.widget.FrameLayout/android.widget.LinearLayout/android.widget.FrameLayout/android.widget.RelativeLayout/android.widget.FrameLayout/android.webkit.WebView/android.webkit.WebView/android.view.View[4]/android.view.View[5]/android.widget.ListView/android.view.View[3]/android.view.View</arg>
</arguments>
<msg timestamp="20210404 15:28:26.618" level="INFO">Clicking element 'xpath=/hierarchy/android.widget.FrameLayout/android.widget.LinearLayout/android.widget.FrameLayout/android.widget.LinearLayout/android.widget.FrameLayout/android.widget.RelativeLayout/android.widget.FrameLayout/android.webkit.WebView/android.webkit.WebView/android.view.View[4]/android.view.View[5]/android.widget.ListView/android.view.View[3]/android.view.View'.</msg>
<status status="PASS" starttime="20210404 15:28:26.616" endtime="20210404 15:28:28.396"></status>
</kw>
<kw name="Wait Until Page Contains" library="AppiumLibrary">
<doc>Waits until `text` appears on current page.</doc>
<arguments>
<arg>Caminhas e arranhadores Caminhas e Arranhadores</arg>
</arguments>
<status status="PASS" starttime="20210404 15:28:28.396" endtime="20210404 15:28:31.589"></status>
</kw>
<kw name="Click Text" library="AppiumLibrary">
<doc>Click text identified by ``text``.</doc>
<arguments>
<arg>Caminhas e arranhadores Caminhas e Arranhadores</arg>
</arguments>
<kw name="Capture Page Screenshot" library="AppiumLibrary">
<doc>Takes a screenshot of the current page and embeds it into the log.</doc>
<msg timestamp="20210404 15:28:33.207" level="INFO" html="yes">&lt;/td&gt;&lt;/tr&gt;&lt;tr&gt;&lt;td colspan="3"&gt;&lt;a href="appium-screenshot-1.png"&gt;&lt;img src="appium-screenshot-1.png" width="800px"&gt;&lt;/a&gt;</msg>
<status status="PASS" starttime="20210404 15:28:32.038" endtime="20210404 15:28:33.208"></status>
</kw>
<msg timestamp="20210404 15:28:33.210" level="FAIL">ValueError: Element locator '//*[contains(@text,"Caminhas e arranhadores Caminhas e Arranhadores")]' did not match any elements.</msg>
<status status="FAIL" starttime="20210404 15:28:31.589" endtime="20210404 15:28:33.210"></status>
</kw>
<status status="FAIL" starttime="20210404 15:27:34.128" endtime="20210404 15:28:33.211" critical="yes">ValueError: Element locator '//*[contains(@text,"Caminhas e arranhadores Caminhas e Arranhadores")]' did not match any elements.</status>
</test>
<status status="FAIL" starttime="20210404 15:27:33.932" endtime="20210404 15:28:33.213"></status>
</suite>
<statistics>
<total>
<stat pass="0" fail="1">Critical Tests</stat>
<stat pass="0" fail="1">All Tests</stat>
</total>
<tag>
</tag>
<suite>
<stat pass="0" fail="1" id="s1" name="Produtos">Produtos</stat>
</suite>
</statistics>
<errors>
</errors>
</robot>
